<?xml version="1.0" encoding="UTF-8" ?>
<testsuite failures="0" time="21.995" errors="0" skipped="0" tests="1" name="TestSuite">
  <properties>
    <property name="java.runtime.name" value="Java(TM) SE Runtime Environment"/>
    <property name="sun.boot.library.path" value="C:\Program Files\Java\jre7\bin"/>
    <property name="java.vm.version" value="24.45-b08"/>
    <property name="java.vm.vendor" value="Oracle Corporation"/>
    <property name="java.vendor.url" value="http://java.oracle.com/"/>
    <property name="path.separator" value=";"/>
    <property name="java.vm.name" value="Java HotSpot(TM) 64-Bit Server VM"/>
    <property name="file.encoding.pkg" value="sun.io"/>
    <property name="user.script" value=""/>
    <property name="user.country" value="CN"/>
    <property name="sun.java.launcher" value="SUN_STANDARD"/>
    <property name="sun.os.patch.level" value=""/>
    <property name="java.vm.specification.name" value="Java Virtual Machine Specification"/>
    <property name="user.dir" value="D:\ZT\workspaces\Damo\target"/>
    <property name="java.runtime.version" value="1.7.0_45-b18"/>
    <property name="java.awt.graphicsenv" value="sun.awt.Win32GraphicsEnvironment"/>
    <property name="basedir" value="D:\ZT\workspaces\Damo"/>
    <property name="java.endorsed.dirs" value="C:\Program Files\Java\jre7\lib\endorsed"/>
    <property name="os.arch" value="amd64"/>
    <property name="surefire.real.class.path" value="C:\Users\LUMING~1\AppData\Local\Temp\surefirebooter1352491752075841149.jar"/>
    <property name="java.io.tmpdir" value="C:\Users\LUMING~1\AppData\Local\Temp\"/>
    <property name="line.separator" value="
"/>
    <property name="java.vm.specification.vendor" value="Oracle Corporation"/>
    <property name="user.variant" value=""/>
    <property name="os.name" value="Windows 8"/>
    <property name="sun.jnu.encoding" value="GBK"/>
    <property name="java.library.path" value="C:\Program Files\Java\jre7\bin;C:\Windows\Sun\Java\bin;C:\Windows\system32;C:\Windows;D:/eclipse/jdk32/bin/../jre/bin/server;D:/eclipse/jdk32/bin/../jre/bin;D:/eclipse/jdk32/bin/../jre/lib/amd64;D:\eclipse\jdk32\bin;D:\eclipse\jdk32\jre\bin;D:\ZT\DPCS\;D:\OpenVPN\bin;C:\Users\luming-pc\AppData\Local\Code\bin;C:\Users\luming-pc\AppData\Roaming\npm;d:\Program Files (x86)\Microsoft VS Code\bin;D:\eclipse\eclipsezll\eclipse;;."/>
    <property name="surefire.test.class.path" value="D:\ZT\workspaces\Damo\target\test-classes;D:\ZT\workspaces\Damo\target\classes;D:\ZT\tools\maven\repository\org\testng\testng\6.8.21\testng-6.8.21.jar;D:\ZT\tools\maven\repository\org\beanshell\bsh\2.0b4\bsh-2.0b4.jar;D:\ZT\tools\maven\repository\com\beust\jcommander\1.27\jcommander-1.27.jar;D:\ZT\tools\maven\repository\org\uncommons\reportng\1.1.4\reportng-1.1.4.jar;D:\ZT\tools\maven\repository\velocity\velocity\1.4\velocity-1.4.jar;D:\ZT\tools\maven\repository\velocity\velocity-dep\1.4\velocity-dep-1.4.jar;D:\ZT\tools\maven\repository\com\google\inject\guice\3.0\guice-3.0.jar;D:\ZT\tools\maven\repository\javax\inject\javax.inject\1\javax.inject-1.jar;D:\ZT\tools\maven\repository\aopalliance\aopalliance\1.0\aopalliance-1.0.jar;D:\ZT\tools\maven\repository\org\seleniumhq\selenium\selenium-java\2.52.0\selenium-java-2.52.0.jar;D:\ZT\tools\maven\repository\org\seleniumhq\selenium\selenium-chrome-driver\2.52.0\selenium-chrome-driver-2.52.0.jar;D:\ZT\tools\maven\repository\org\seleniumhq\selenium\selenium-remote-driver\2.52.0\selenium-remote-driver-2.52.0.jar;D:\ZT\tools\maven\repository\cglib\cglib-nodep\2.1_3\cglib-nodep-2.1_3.jar;D:\ZT\tools\maven\repository\com\google\code\gson\gson\2.3.1\gson-2.3.1.jar;D:\ZT\tools\maven\repository\org\seleniumhq\selenium\selenium-api\2.52.0\selenium-api-2.52.0.jar;D:\ZT\tools\maven\repository\com\google\guava\guava\19.0\guava-19.0.jar;D:\ZT\tools\maven\repository\org\seleniumhq\selenium\selenium-edge-driver\2.52.0\selenium-edge-driver-2.52.0.jar;D:\ZT\tools\maven\repository\commons-io\commons-io\2.4\commons-io-2.4.jar;D:\ZT\tools\maven\repository\org\apache\commons\commons-exec\1.3\commons-exec-1.3.jar;D:\ZT\tools\maven\repository\org\seleniumhq\selenium\selenium-htmlunit-driver\2.52.0\selenium-htmlunit-driver-2.52.0.jar;D:\ZT\tools\maven\repository\net\sourceforge\htmlunit\htmlunit\2.18\htmlunit-2.18.jar;D:\ZT\tools\maven\repository\xalan\xalan\2.7.2\xalan-2.7.2.jar;D:\ZT\tools\maven\repository\xalan\serializer\2.7.2\serializer-2.7.2.jar;D:\ZT\tools\maven\repository\org\apache\commons\commons-lang3\3.4\commons-lang3-3.4.jar;D:\ZT\tools\maven\repository\org\apache\httpcomponents\httpmime\4.5\httpmime-4.5.jar;D:\ZT\tools\maven\repository\commons-codec\commons-codec\1.10\commons-codec-1.10.jar;D:\ZT\tools\maven\repository\net\sourceforge\htmlunit\htmlunit-core-js\2.17\htmlunit-core-js-2.17.jar;D:\ZT\tools\maven\repository\xerces\xercesImpl\2.11.0\xercesImpl-2.11.0.jar;D:\ZT\tools\maven\repository\xml-apis\xml-apis\1.4.01\xml-apis-1.4.01.jar;D:\ZT\tools\maven\repository\net\sourceforge\nekohtml\nekohtml\1.9.22\nekohtml-1.9.22.jar;D:\ZT\tools\maven\repository\net\sourceforge\cssparser\cssparser\0.9.16\cssparser-0.9.16.jar;D:\ZT\tools\maven\repository\org\w3c\css\sac\1.3\sac-1.3.jar;D:\ZT\tools\maven\repository\commons-logging\commons-logging\1.2\commons-logging-1.2.jar;D:\ZT\tools\maven\repository\org\eclipse\jetty\websocket\websocket-client\9.2.12.v20150709\websocket-client-9.2.12.v20150709.jar;D:\ZT\tools\maven\repository\org\eclipse\jetty\jetty-util\9.2.12.v20150709\jetty-util-9.2.12.v20150709.jar;D:\ZT\tools\maven\repository\org\eclipse\jetty\jetty-io\9.2.12.v20150709\jetty-io-9.2.12.v20150709.jar;D:\ZT\tools\maven\repository\org\eclipse\jetty\websocket\websocket-common\9.2.12.v20150709\websocket-common-9.2.12.v20150709.jar;D:\ZT\tools\maven\repository\org\eclipse\jetty\websocket\websocket-api\9.2.12.v20150709\websocket-api-9.2.12.v20150709.jar;D:\ZT\tools\maven\repository\commons-collections\commons-collections\3.2.2\commons-collections-3.2.2.jar;D:\ZT\tools\maven\repository\org\apache\httpcomponents\httpclient\4.5.1\httpclient-4.5.1.jar;D:\ZT\tools\maven\repository\org\apache\httpcomponents\httpcore\4.4.3\httpcore-4.4.3.jar;D:\ZT\tools\maven\repository\org\seleniumhq\selenium\selenium-firefox-driver\2.52.0\selenium-firefox-driver-2.52.0.jar;D:\ZT\tools\maven\repository\org\seleniumhq\selenium\selenium-ie-driver\2.52.0\selenium-ie-driver-2.52.0.jar;D:\ZT\tools\maven\repository\net\java\dev\jna\jna\4.1.0\jna-4.1.0.jar;D:\ZT\tools\maven\repository\net\java\dev\jna\jna-platform\4.1.0\jna-platform-4.1.0.jar;D:\ZT\tools\maven\repository\org\seleniumhq\selenium\selenium-safari-driver\2.52.0\selenium-safari-driver-2.52.0.jar;D:\ZT\tools\maven\repository\org\seleniumhq\selenium\selenium-support\2.52.0\selenium-support-2.52.0.jar;D:\ZT\tools\maven\repository\org\webbitserver\webbit\0.4.14\webbit-0.4.14.jar;D:\ZT\tools\maven\repository\io\netty\netty\3.5.2.Final\netty-3.5.2.Final.jar;D:\ZT\tools\maven\repository\org\seleniumhq\selenium\selenium-leg-rc\2.52.0\selenium-leg-rc-2.52.0.jar;"/>
    <property name="java.specification.name" value="Java Platform API Specification"/>
    <property name="java.class.version" value="51.0"/>
    <property name="sun.management.compiler" value="HotSpot 64-Bit Tiered Compilers"/>
    <property name="os.version" value="6.2"/>
    <property name="user.home" value="C:\Users\luming-pc"/>
    <property name="user.timezone" value="Asia/Shanghai"/>
    <property name="java.awt.printerjob" value="sun.awt.windows.WPrinterJob"/>
    <property name="java.specification.version" value="1.7"/>
    <property name="file.encoding" value="GBK"/>
    <property name="user.name" value="luming-pc"/>
    <property name="java.class.path" value="D:\ZT\workspaces\Damo\target\test-classes;D:\ZT\workspaces\Damo\target\classes;D:\ZT\tools\maven\repository\org\testng\testng\6.8.21\testng-6.8.21.jar;D:\ZT\tools\maven\repository\org\beanshell\bsh\2.0b4\bsh-2.0b4.jar;D:\ZT\tools\maven\repository\com\beust\jcommander\1.27\jcommander-1.27.jar;D:\ZT\tools\maven\repository\org\uncommons\reportng\1.1.4\reportng-1.1.4.jar;D:\ZT\tools\maven\repository\velocity\velocity\1.4\velocity-1.4.jar;D:\ZT\tools\maven\repository\velocity\velocity-dep\1.4\velocity-dep-1.4.jar;D:\ZT\tools\maven\repository\com\google\inject\guice\3.0\guice-3.0.jar;D:\ZT\tools\maven\repository\javax\inject\javax.inject\1\javax.inject-1.jar;D:\ZT\tools\maven\repository\aopalliance\aopalliance\1.0\aopalliance-1.0.jar;D:\ZT\tools\maven\repository\org\seleniumhq\selenium\selenium-java\2.52.0\selenium-java-2.52.0.jar;D:\ZT\tools\maven\repository\org\seleniumhq\selenium\selenium-chrome-driver\2.52.0\selenium-chrome-driver-2.52.0.jar;D:\ZT\tools\maven\repository\org\seleniumhq\selenium\selenium-remote-driver\2.52.0\selenium-remote-driver-2.52.0.jar;D:\ZT\tools\maven\repository\cglib\cglib-nodep\2.1_3\cglib-nodep-2.1_3.jar;D:\ZT\tools\maven\repository\com\google\code\gson\gson\2.3.1\gson-2.3.1.jar;D:\ZT\tools\maven\repository\org\seleniumhq\selenium\selenium-api\2.52.0\selenium-api-2.52.0.jar;D:\ZT\tools\maven\repository\com\google\guava\guava\19.0\guava-19.0.jar;D:\ZT\tools\maven\repository\org\seleniumhq\selenium\selenium-edge-driver\2.52.0\selenium-edge-driver-2.52.0.jar;D:\ZT\tools\maven\repository\commons-io\commons-io\2.4\commons-io-2.4.jar;D:\ZT\tools\maven\repository\org\apache\commons\commons-exec\1.3\commons-exec-1.3.jar;D:\ZT\tools\maven\repository\org\seleniumhq\selenium\selenium-htmlunit-driver\2.52.0\selenium-htmlunit-driver-2.52.0.jar;D:\ZT\tools\maven\repository\net\sourceforge\htmlunit\htmlunit\2.18\htmlunit-2.18.jar;D:\ZT\tools\maven\repository\xalan\xalan\2.7.2\xalan-2.7.2.jar;D:\ZT\tools\maven\repository\xalan\serializer\2.7.2\serializer-2.7.2.jar;D:\ZT\tools\maven\repository\org\apache\commons\commons-lang3\3.4\commons-lang3-3.4.jar;D:\ZT\tools\maven\repository\org\apache\httpcomponents\httpmime\4.5\httpmime-4.5.jar;D:\ZT\tools\maven\repository\commons-codec\commons-codec\1.10\commons-codec-1.10.jar;D:\ZT\tools\maven\repository\net\sourceforge\htmlunit\htmlunit-core-js\2.17\htmlunit-core-js-2.17.jar;D:\ZT\tools\maven\repository\xerces\xercesImpl\2.11.0\xercesImpl-2.11.0.jar;D:\ZT\tools\maven\repository\xml-apis\xml-apis\1.4.01\xml-apis-1.4.01.jar;D:\ZT\tools\maven\repository\net\sourceforge\nekohtml\nekohtml\1.9.22\nekohtml-1.9.22.jar;D:\ZT\tools\maven\repository\net\sourceforge\cssparser\cssparser\0.9.16\cssparser-0.9.16.jar;D:\ZT\tools\maven\repository\org\w3c\css\sac\1.3\sac-1.3.jar;D:\ZT\tools\maven\repository\commons-logging\commons-logging\1.2\commons-logging-1.2.jar;D:\ZT\tools\maven\repository\org\eclipse\jetty\websocket\websocket-client\9.2.12.v20150709\websocket-client-9.2.12.v20150709.jar;D:\ZT\tools\maven\repository\org\eclipse\jetty\jetty-util\9.2.12.v20150709\jetty-util-9.2.12.v20150709.jar;D:\ZT\tools\maven\repository\org\eclipse\jetty\jetty-io\9.2.12.v20150709\jetty-io-9.2.12.v20150709.jar;D:\ZT\tools\maven\repository\org\eclipse\jetty\websocket\websocket-common\9.2.12.v20150709\websocket-common-9.2.12.v20150709.jar;D:\ZT\tools\maven\repository\org\eclipse\jetty\websocket\websocket-api\9.2.12.v20150709\websocket-api-9.2.12.v20150709.jar;D:\ZT\tools\maven\repository\commons-collections\commons-collections\3.2.2\commons-collections-3.2.2.jar;D:\ZT\tools\maven\repository\org\apache\httpcomponents\httpclient\4.5.1\httpclient-4.5.1.jar;D:\ZT\tools\maven\repository\org\apache\httpcomponents\httpcore\4.4.3\httpcore-4.4.3.jar;D:\ZT\tools\maven\repository\org\seleniumhq\selenium\selenium-firefox-driver\2.52.0\selenium-firefox-driver-2.52.0.jar;D:\ZT\tools\maven\repository\org\seleniumhq\selenium\selenium-ie-driver\2.52.0\selenium-ie-driver-2.52.0.jar;D:\ZT\tools\maven\repository\net\java\dev\jna\jna\4.1.0\jna-4.1.0.jar;D:\ZT\tools\maven\repository\net\java\dev\jna\jna-platform\4.1.0\jna-platform-4.1.0.jar;D:\ZT\tools\maven\repository\org\seleniumhq\selenium\selenium-safari-driver\2.52.0\selenium-safari-driver-2.52.0.jar;D:\ZT\tools\maven\repository\org\seleniumhq\selenium\selenium-support\2.52.0\selenium-support-2.52.0.jar;D:\ZT\tools\maven\repository\org\webbitserver\webbit\0.4.14\webbit-0.4.14.jar;D:\ZT\tools\maven\repository\io\netty\netty\3.5.2.Final\netty-3.5.2.Final.jar;D:\ZT\tools\maven\repository\org\seleniumhq\selenium\selenium-leg-rc\2.52.0\selenium-leg-rc-2.52.0.jar;"/>
    <property name="java.vm.specification.version" value="1.7"/>
    <property name="sun.arch.data.model" value="64"/>
    <property name="java.home" value="C:\Program Files\Java\jre7"/>
    <property name="sun.java.command" value="C:\Users\LUMING~1\AppData\Local\Temp\surefirebooter1352491752075841149.jar C:\Users\LUMING~1\AppData\Local\Temp\surefire7927775428581612200tmp C:\Users\LUMING~1\AppData\Local\Temp\surefire4751392000895576059tmp"/>
    <property name="java.specification.vendor" value="Oracle Corporation"/>
    <property name="user.language" value="zh"/>
    <property name="awt.toolkit" value="sun.awt.windows.WToolkit"/>
    <property name="java.vm.info" value="mixed mode"/>
    <property name="java.version" value="1.7.0_45"/>
    <property name="java.ext.dirs" value="C:\Program Files\Java\jre7\lib\ext;C:\Windows\Sun\Java\lib\ext"/>
    <property name="sun.boot.class.path" value="C:\Program Files\Java\jre7\lib\resources.jar;C:\Program Files\Java\jre7\lib\rt.jar;C:\Program Files\Java\jre7\lib\sunrsasign.jar;C:\Program Files\Java\jre7\lib\jsse.jar;C:\Program Files\Java\jre7\lib\jce.jar;C:\Program Files\Java\jre7\lib\charsets.jar;C:\Program Files\Java\jre7\lib\jfr.jar;C:\Program Files\Java\jre7\classes"/>
    <property name="java.vendor" value="Oracle Corporation"/>
    <property name="localRepository" value="D:\ZT\tools\maven\repository"/>
    <property name="file.separator" value="\"/>
    <property name="java.vendor.url.bug" value="http://bugreport.sun.com/bugreport/"/>
    <property name="sun.cpu.endian" value="little"/>
    <property name="sun.io.unicode.encoding" value="UnicodeLittle"/>
    <property name="sun.desktop" value="windows"/>
    <property name="sun.cpu.isalist" value="amd64"/>
  </properties>
  <testcase time="3.283" classname="test.Selenium" name="logIn"/>
</testsuite>